2021-08-11 15:19:51,189 [      0]   INFO -        #com.intellij.idea.Main - ------------------------------------------------------ IDE STARTED ------------------------------------------------------ 
2021-08-11 15:19:51,245 [     56]   INFO - llij.ide.gdpr.EndUserAgreement - eua: /home/projector-user/.local/share/JetBrains/PrivacyPolicy/eua.cached 
2021-08-11 15:19:51,298 [    109]   INFO -        #com.intellij.idea.Main - IDE: GoLand (build #GO-203.8084.22, 22 Apr 2021 05:40) 
2021-08-11 15:19:51,299 [    110]   INFO -        #com.intellij.idea.Main - OS: Linux (4.19.171, amd64) 
2021-08-11 15:19:51,323 [    134]   INFO -        #com.intellij.idea.Main - JRE: 11.0.10+8-b1145.96 (JetBrains s.r.o.) 
2021-08-11 15:19:51,323 [    134]   INFO -        #com.intellij.idea.Main - JVM: 11.0.10+8-b1145.96 (OpenJDK 64-Bit Server VM) 
2021-08-11 15:19:51,338 [    149]   INFO -        #com.intellij.idea.Main - JVM Args: -Xms128m -Xmx750m -XX:ReservedCodeCacheSize=512m -XX:+UseConcMarkSweepGC -XX:SoftRefLRUPolicyMSPerMB=50 -XX:CICompilerCount=2 -XX:+HeapDumpOnOutOfMemoryError -XX:-OmitStackTraceInFastThrow -ea -Dsun.io.useCanonCaches=false -Djdk.http.auth.tunneling.disabledSchemes="" -Djdk.attach.allowAttachSelf=true -Djdk.module.illegalAccess.silent=true -Dkotlinx.coroutines.debug=off -Dsun.tools.attach.tmp.only=true -XX:ErrorFile=/home/projector-user/java_error_in_goland_%p.log -XX:HeapDumpPath=/home/projector-user/java_error_in_goland_.hprof -Didea.vendor.name=JetBrains -Didea.paths.selector=GoLand2020.3 -Djb.vmOptionsFile=/projector/ide/bin/goland64.vmoptions -Didea.platform.prefix=GoLand -Dorg.jetbrains.projector.server.classToLaunch=com.intellij.idea.Main 
2021-08-11 15:19:51,339 [    150]   INFO -        #com.intellij.idea.Main - library path: /usr/java/packages/lib:/usr/lib64:/lib64:/lib:/usr/lib 
2021-08-11 15:19:51,339 [    150]   INFO -        #com.intellij.idea.Main - boot library path: /projector/ide/jbr/lib 
2021-08-11 15:19:51,484 [    295]   INFO -        #com.intellij.idea.Main - locale=en_US JNU=ANSI_X3.4-1968 file.encoding=ANSI_X3.4-1968
  idea.config.path=/home/projector-user/.config/JetBrains/GoLand2020.3
  idea.system.path=/home/projector-user/.cache/JetBrains/GoLand2020.3
  idea.plugins.path=/home/projector-user/.local/share/JetBrains/GoLand2020.3
  idea.log.path=/home/projector-user/.cache/JetBrains/GoLand2020.3/log 
2021-08-11 15:19:51,680 [    491]   INFO -        #com.intellij.idea.Main - JNA library (64-bit) loaded in 196 ms 
2021-08-11 15:19:51,702 [    513]   INFO -                         STDERR - Aug 11, 2021 3:19:51 PM java.util.prefs.FileSystemPreferences$1 run 
2021-08-11 15:19:51,712 [    523]   INFO -                         STDERR - INFO: Created user preferences directory. 
2021-08-11 15:19:51,725 [    536]   INFO -                         STDERR - Aug 11, 2021 3:19:51 PM java.util.prefs.FileSystemPreferences$6 run 
2021-08-11 15:19:51,731 [    542]   INFO -                         STDERR - WARNING: Prefs file removed in background /home/projector-user/.java/.userPrefs/prefs.xml 
2021-08-11 15:19:51,907 [    718]   INFO -        #com.intellij.idea.Main - CPU cores: 1; ForkJoinPool.commonPool: java.util.concurrent.ForkJoinPool@4cfdf4f8[Running, parallelism = 1, size = 1, active = 0, running = 0, steals = 1, tasks = 0, submissions = 0]; factory: com.intellij.concurrency.IdeaForkJoinWorkerThreadFactory@3d39bc01 
2021-08-11 15:19:51,970 [    781]   INFO -        #com.intellij.idea.Main - WM detected: null 
2021-08-11 15:22:02,028 [ 130839]   INFO -                         STDOUT - [INFO] :: ProjectorServer :: 172.17.0.1 connected. 
2021-08-11 15:22:02,860 [ 131671]   INFO -                         STDOUT - [DEBUG] :: IdeState :: Starting attempts to set keymap to match user's OS (MAC) 
2021-08-11 15:22:11,021 [ 139832]   INFO -        #com.intellij.idea.Main - Importing configs to /home/projector-user/.config/JetBrains/GoLand2020.3 
2021-08-11 15:22:11,030 [ 139841]   INFO -        #com.intellij.idea.Main - No configs imported, starting with clean configs at /home/projector-user/.config/JetBrains/GoLand2020.3 
2021-08-11 15:22:11,891 [ 140702]   INFO - llij.ide.plugins.PluginManager - Loaded bundled plugins: IDEA CORE (203.8084.22), com.intellij.platform.images (203.8084.22), HTML Tools (203.8084.22), Refactor-X (203.8084.22), IDE Settings Sync (203.8084.22), Machine Learning Code Completion (203.8084.22), Configuration Script (203.8084.22), Copyright (203.8084.22), UML (203.8084.22), Performance Testing (203.8084.22), FTP/SFTP Connectivity (ex. Remote Hosts Access) (203.8084.22), File Watchers (203.8084.22), CSS (203.8084.22), Mercurial (203.8084.22), EditorConfig (203.8084.22), Emoji Picker (203.8084.22), Go Template (203.8084.22), Terminal (203.8084.22), Git (203.8084.22), GitHub (203.8084.22), Shared Indexes (203.8084.22), SSH Remote Run (203.8084.22), Shell Script (203.8084.22), TextMate Bundles (203.8084.22), YAML (203.8084.22), Docker (203.8084.22), IDE Features Trainer (203.8084.22), IntelliLang (203.8084.22), Markdown (203.8084.22), Grazie (203.8084.22), JavaScript and TypeScript (203.8084.22), JavaScript Intention Power Pack (203.8084.22), JavaScript Debugger (203.8084.22), TSLint (203.8084.22), Database Tools and SQL (203.8084.22), HTTP Client (203.8084.22), Go (203.8084.22), Go IDE (203.8084.22), Shared Indexes for Go (203.8084.22) 
